2024-05-25 01:26:33.934 [info] Added views:workbench.panel.markers.view in workbench.panel.markers
2024-05-25 01:26:33.934 [info] Added views:workbench.panel.output in workbench.panel.output
2024-05-25 01:26:33.934 [info] Added views:terminal in terminal
2024-05-25 01:26:33.934 [info] Added views:outline in workbench.view.explorer
2024-05-25 01:26:33.934 [info] Added views:workbench.scm in workbench.view.scm
2024-05-25 01:26:33.934 [info] Added views:workbench.view.search in workbench.view.search
2024-05-25 01:26:33.934 [info] Added views:timeline in workbench.view.explorer
2024-05-25 01:26:33.934 [info] Added views:workbench.explorer.emptyView in workbench.view.explorer
2024-05-25 01:26:34.576 [info] Added views:workbench.debug.variablesView,workbench.debug.watchExpressionsView,workbench.debug.callStackView,workbench.debug.breakPointsView in workbench.view.debug
2024-05-25 01:26:36.519 [info] Added views:~remote.forwardedPorts in ~remote.forwardedPortsContainer
2024-05-25 01:26:36.866 [info] Added views:workbench.panel.repl.view in workbench.panel.repl
2024-05-25 01:26:36.868 [info] Removed views:workbench.debug.breakPointsView,workbench.debug.callStackView,workbench.debug.watchExpressionsView,workbench.debug.variablesView from workbench.view.debug
2024-05-25 01:26:36.872 [info] Added views:workbench.debug.welcome in workbench.view.debug
2024-05-25 01:27:01.073 [info] Added views:workbench.panel.markers.view in workbench.panel.markers
2024-05-25 01:27:01.073 [info] Added views:workbench.panel.output in workbench.panel.output
2024-05-25 01:27:01.073 [info] Added views:terminal in terminal
2024-05-25 01:27:01.073 [info] Added views:outline in workbench.view.explorer
2024-05-25 01:27:01.073 [info] Added views:workbench.scm in workbench.view.scm
2024-05-25 01:27:01.073 [info] Added views:workbench.view.search in workbench.view.search
2024-05-25 01:27:01.073 [info] Added views:timeline in workbench.view.explorer
2024-05-25 01:27:01.073 [info] Added views:workbench.explorer.fileView in workbench.view.explorer
2024-05-25 01:27:02.020 [info] Added views:workbench.debug.variablesView,workbench.debug.watchExpressionsView,workbench.debug.callStackView,workbench.debug.breakPointsView in workbench.view.debug
2024-05-25 01:27:02.070 [info] Added views:workbench.panel.repl.view in workbench.panel.repl
2024-05-25 01:27:02.070 [info] Removed views:workbench.debug.breakPointsView,workbench.debug.callStackView,workbench.debug.watchExpressionsView,workbench.debug.variablesView from workbench.view.debug
2024-05-25 01:27:02.072 [info] Added views:workbench.debug.welcome in workbench.view.debug
2024-05-25 01:27:02.629 [info] Added views:~remote.forwardedPorts in ~remote.forwardedPortsContainer
