2024-05-25 01:26:36.403 [info] Extension host with pid 2463 started
2024-05-25 01:26:36.871 [info] ExtensionService#_doActivateExtension vscode.git-base, startup: true, activationEvent: '*', root cause: vscode.git
2024-05-25 01:26:36.917 [info] ExtensionService#_doActivateExtension vscode.git, startup: true, activationEvent: '*'
2024-05-25 01:26:37.938 [info] ExtensionService#_doActivateExtension vscode.github, startup: true, activationEvent: '*'
2024-05-25 01:26:38.512 [info] Eager extensions activated
2024-05-25 01:26:38.723 [info] ExtensionService#_doActivateExtension vscode.debug-auto-launch, startup: false, activationEvent: 'onStartupFinished'
2024-05-25 01:26:38.731 [info] ExtensionService#_doActivateExtension vscode.merge-conflict, startup: false, activationEvent: 'onStartupFinished'
2024-05-25 01:27:00.484 [info] Extension host terminating: renderer closed the MessagePort
2024-05-25 01:27:00.497 [info] Extension host with pid 2463 exiting with code 0
2024-05-25 01:27:01.996 [info] Extension host with pid 2545 started
2024-05-25 01:27:01.996 [info] Skipping acquiring lock for /home/efseven/TFG-3/User/workspaceStorage/0ac94497cc19e58895a6ffd354a51fbc.
2024-05-25 01:27:02.073 [info] ExtensionService#_doActivateExtension vscode.git-base, startup: true, activationEvent: '*'
2024-05-25 01:27:02.109 [info] ExtensionService#_doActivateExtension vscode.github, startup: true, activationEvent: '*'
2024-05-25 01:27:02.177 [info] Eager extensions activated
2024-05-25 01:27:02.210 [info] ExtensionService#_doActivateExtension vscode.debug-auto-launch, startup: false, activationEvent: 'onStartupFinished'
2024-05-25 01:27:02.217 [info] ExtensionService#_doActivateExtension vscode.merge-conflict, startup: false, activationEvent: 'onStartupFinished'
2024-05-25 01:27:07.773 [info] ExtensionService#_doActivateExtension vscode.git, startup: false, activationEvent: 'api', root cause: vscode.github
2024-05-25 01:27:31.300 [info] ExtensionService#_doActivateExtension vscode.emmet, startup: false, activationEvent: 'onLanguage'
2024-05-25 01:27:35.972 [info] Extension host terminating: renderer closed the MessagePort
2024-05-25 01:27:35.991 [info] Extension host with pid 2545 exiting with code 0
